DEBUG [main]: DebugMessage
INFO  [main]: InfoMessage
WARN  [main]: WarnMessage
ERROR [main]: ErrorMessage
FATAL [main]: FatalMessage
DEBUG [main]: DebugMessage
DEBUG [main]: DebugMessage
INFO  [main]: InfoMessage
INFO  [main]: InfoMessage
WARN  [main]: WarnMessage
WARN  [main]: WarnMessage
ERROR [main]: ErrorMessage
ERROR [main]: ErrorMessage
FATAL [main]: FatalMessage
FATAL [main]: FatalMessage
2020-11-27 14:41:37,251 [main] DEBUG: DebugMessage
   2020-11-27 14:41:37,336 [main] INFO : InfoMessage
   2020-11-27 14:41:37,338 [main] WARN : WarnMessage
   2020-11-27 14:41:37,338 [main] ERROR: ErrorMessage
   2020-11-27 14:41:37,339 [main] FATAL: FatalMessage
   